
<webpart xmlns="http://labkey.org/data/xml/webpart">
    <view name="test-webpart"/>
</webpart>

